<?xml version="1.0" encoding="UTF-8"?>
<testsuite name="tests.ExerciseTests" tests="8" skipped="0" failures="0" errors="0" timestamp="2023-08-15T14:14:57" hostname="Idrisss-MBP.lan" time="0.004">
  <properties/>
  <testcase name="testAlreadyDeclared" classname="tests.ExerciseTests" time="0.001"/>
  <testcase name="testMultiplyDeclared" classname="tests.ExerciseTests" time="0.0"/>
  <testcase name="testAltSuccessors" classname="tests.ExerciseTests" time="0.0"/>
  <testcase name="testAltReachable" classname="tests.ExerciseTests" time="0.0"/>
  <testcase name="testErrorMessages" classname="tests.ExerciseTests" time="0.001"/>
  <testcase name="testNumberOfTransitions" classname="tests.ExerciseTests" time="0.0"/>
  <testcase name="testAltTransitions" classname="tests.ExerciseTests" time="0.0"/>
  <testcase name="testPredecessors" classname="tests.ExerciseTests" time="0.001"/>
  <system-out><![CDATA[]]></system-out>
  <system-err><![CDATA[]]></system-err>
</testsuite>
